<?xml version="1.0" encoding="UTF-8" ?>
<testsuite tests="13" failures="0" name="org.sdnplatform.sync.internal.store.InMemoryStorageEngineTest" time="0.509" errors="0" skipped="0">
  <properties>
[...]
</properties>
  <testcase classname="org.sdnplatform.sync.internal.store.InMemoryStorageEngineTest" name="testTruncate" time="0.001"/>
  <testcase classname="org.sdnplatform.sync.internal.store.InMemoryStorageEngineTest" name="testCleanupTask" time="0.502"/>
  <testcase classname="org.sdnplatform.sync.internal.store.InMemoryStorageEngineTest" name="testGetNoKeys" time="0.001"/>
  <testcase classname="org.sdnplatform.sync.internal.store.InMemoryStorageEngineTest" name="testPruneOnWrite" time="0"/>
  <testcase classname="org.sdnplatform.sync.internal.store.InMemoryStorageEngineTest" name="testEmptyByteArray" time="0.001"/>
  <testcase classname="org.sdnplatform.sync.internal.store.InMemoryStorageEngineTest" name="testEntries" time="0.004"/>
  <testcase classname="org.sdnplatform.sync.internal.store.InMemoryStorageEngineTest" name="testGetAndDeleteNonExistentKey" time="0"/>
  <testcase classname="org.sdnplatform.sync.internal.store.InMemoryStorageEngineTest" name="testFetchedEqualsPut" time="0"/>
  <testcase classname="org.sdnplatform.sync.internal.store.InMemoryStorageEngineTest" name="testNullKeys" time="0"/>
  <testcase classname="org.sdnplatform.sync.internal.store.InMemoryStorageEngineTest" name="testGetVersions" time="0"/>
  <testcase classname="org.sdnplatform.sync.internal.store.InMemoryStorageEngineTest" name="testPutNullValue" time="0"/>
  <testcase classname="org.sdnplatform.sync.internal.store.InMemoryStorageEngineTest" name="testVersionedPut" time="0"/>
  <testcase classname="org.sdnplatform.sync.internal.store.InMemoryStorageEngineTest" name="testCloseIsIdempotent" time="0"/>
</testsuite>