<?xml version="1.0" encoding="UTF-8" ?>
<testsuite tests="37" failures="0" name="net.floodlightcontroller.devicemanager.internal.DeviceManagerImplTest" time="0.436" errors="0" skipped="2">
  <properties>
[...]
</properties>
  <testcase classname="net.floodlightcontroller.devicemanager.internal.DeviceManagerImplTest" name="testAttachmentPointFlappingTwoCluster" time="0.012"/>
  <testcase classname="net.floodlightcontroller.devicemanager.internal.DeviceManagerImplTest" name="testPacketInInvalidDstMac" time="0.003"/>
  <testcase classname="net.floodlightcontroller.devicemanager.internal.DeviceManagerImplTest" name="testGetIPv6Addresses" time="0.01"/>
  <testcase classname="net.floodlightcontroller.devicemanager.internal.DeviceManagerImplTest" name="testDeviceSyncRepresentationFromDevice" time="0.004"/>
  <testcase classname="net.floodlightcontroller.devicemanager.internal.DeviceManagerImplTest" name="testPacketInInvalidSrcMac" time="0.002"/>
  <testcase classname="net.floodlightcontroller.devicemanager.internal.DeviceManagerImplTest" name="testGetIPv4Addresses" time="0.005"/>
  <testcase classname="net.floodlightcontroller.devicemanager.internal.DeviceManagerImplTest" name="testEntityOrderingExternal" time="0.002"/>
  <testcase classname="net.floodlightcontroller.devicemanager.internal.DeviceManagerImplTest" name="testEntityLearningIPv6" time="0.006"/>
  <testcase classname="net.floodlightcontroller.devicemanager.internal.DeviceManagerImplTest" name="testEntityExpiration" time="0.004"/>
  <testcase classname="net.floodlightcontroller.devicemanager.internal.DeviceManagerImplTest" name="testNoLearningOnInternalPorts" time="0.003"/>
  <testcase classname="net.floodlightcontroller.devicemanager.internal.DeviceManagerImplTest" name="testConsolitateStore" time="0.079"/>
  <testcase classname="net.floodlightcontroller.devicemanager.internal.DeviceManagerImplTest" name="testAttachmentPointLearning" time="0.003"/>
  <testcase classname="net.floodlightcontroller.devicemanager.internal.DeviceManagerImplTest" name="testToMaster" time="0.136"/>
  <testcase classname="net.floodlightcontroller.devicemanager.internal.DeviceManagerImplTest" name="testAttachmentPointFlapping" time="0.005"/>
  <testcase classname="net.floodlightcontroller.devicemanager.internal.DeviceManagerImplTest" name="testWriteToSyncStore" time="0.063"/>
  <testcase classname="net.floodlightcontroller.devicemanager.internal.DeviceManagerImplTest" name="testDeviceExpirationConcurrentRemove" time="0.005"/>
  <testcase classname="net.floodlightcontroller.devicemanager.internal.DeviceManagerImplTest" name="testFindDevice" time="0.004"/>
  <testcase classname="net.floodlightcontroller.devicemanager.internal.DeviceManagerImplTest" name="testBDAttachmentPointLearning" time="0.004"/>
  <testcase classname="net.floodlightcontroller.devicemanager.internal.DeviceManagerImplTest" name="testPacketInBasic" time="0.004">
    <skipped/>
  </testcase>
  <testcase classname="net.floodlightcontroller.devicemanager.internal.DeviceManagerImplTest" name="testLastSeen" time="0.004"/>
  <testcase classname="net.floodlightcontroller.devicemanager.internal.DeviceManagerImplTest" name="testReclassifyDevice" time="0.012"/>
  <testcase classname="net.floodlightcontroller.devicemanager.internal.DeviceManagerImplTest" name="testAttachmentPointSuppression" time="0.005"/>
  <testcase classname="net.floodlightcontroller.devicemanager.internal.DeviceManagerImplTest" name="testGetSwitchPortVlanId" time="0.002"/>
  <testcase classname="net.floodlightcontroller.devicemanager.internal.DeviceManagerImplTest" name="testDeviceExpirationConcurrentModification" time="0.004"/>
  <testcase classname="net.floodlightcontroller.devicemanager.internal.DeviceManagerImplTest" name="testEntityLearning" time="0.005"/>
  <testcase classname="net.floodlightcontroller.devicemanager.internal.DeviceManagerImplTest" name="testEntityExpirationConcurrentModification" time="0.008"/>
  <testcase classname="net.floodlightcontroller.devicemanager.internal.DeviceManagerImplTest" name="testDeviceSyncRepresentationBasics" time="0.002"/>
  <testcase classname="net.floodlightcontroller.devicemanager.internal.DeviceManagerImplTest" name="testEntityOrderingInternal" time="0.002"/>
  <testcase classname="net.floodlightcontroller.devicemanager.internal.DeviceManagerImplTest" name="testSyncEntity" time="0.002"/>
  <testcase classname="net.floodlightcontroller.devicemanager.internal.DeviceManagerImplTest" name="testDeviceExpiration" time="0.005"/>
  <testcase classname="net.floodlightcontroller.devicemanager.internal.DeviceManagerImplTest" name="testDeviceLearningFromArpResponseData" time="0.004"/>
  <testcase classname="net.floodlightcontroller.devicemanager.internal.DeviceManagerImplTest" name="testDeviceClassIndex" time="0.006"/>
  <testcase classname="net.floodlightcontroller.devicemanager.internal.DeviceManagerImplTest" name="testDeviceClassQuery" time="0.004"/>
  <testcase classname="net.floodlightcontroller.devicemanager.internal.DeviceManagerImplTest" name="testLOCALAttachmentPointLearning" time="0.004"/>
  <testcase classname="net.floodlightcontroller.devicemanager.internal.DeviceManagerImplTest" name="testPacketInBasicIPv6" time="0.004">
    <skipped/>
  </testcase>
  <testcase classname="net.floodlightcontroller.devicemanager.internal.DeviceManagerImplTest" name="testDeviceIndex" time="0.005"/>
  <testcase classname="net.floodlightcontroller.devicemanager.internal.DeviceManagerImplTest" name="testDeviceQuery" time="0.004"/>
</testsuite>